 ***********************************************************************

 FGEN - Cross-correlated random field generator
 Three or fewer dimensions
 Version 9.21

 Original by: M.J.L. Robin
 Modified by: C.A. Mendoza

 Last update: January 30, 1991

 Waterloo Centre for Groundwater Research
 University of Waterloo
 Waterloo, Ontario
 CANADA             N2L 3G1

 ***********************************************************************

 -------------------------- INPUT PARAMETERS ---------------------------

 Random number seeds (H,G)                 320          614

 Number of dimensions considered             3

 Domain before field truncation (X,Y,Z)
    Number of points                        64           64           64
    Total number of points              262144
    Field lengths                      160.000      160.000       64.000

 Domain after field truncation (X,Y,Z)
    Number of points                        41           41           21
    Total number of points               35301
    Field lengths                      102.500      102.500       21.000

 Nodal spacing (X,Y,Z)                  2.5000       2.5000       1.0000

 Input statistical properties (H,G)
    Means                              -16.000      -10.000
    Variances                            1.200        0.250
    Nuggets                              0.000        0.000

 Correlation scales (X,Y,Z)
    for H                               30.000       30.000        3.000
    for G                               10.000        1.000        1.000

 Coherency squared                   0.000E+00

 Cross-spectrum slope                   -0.100

 Delay vector (X,Y,Z)                0.000E+00    0.000E+00    0.000E+00

 Covariance model                            2
 Cross-spectrum model                        2
 
 Spectral power density based on exponential anisotropic covariance
 Cospectrum = SQRT(Spec(H)*Spec(G)*Coher - amplitude DELAY)
 Quadrature spectrum set by DELAY vector

 Nyquist frequencies (X,Y,Z)             0.200        0.200        0.500
 Frequency intervals (X,Y,Z)         6.250E-03    6.250E-03    1.562E-02


 ------------ SPECTRAL DISCRETIZATION AND TRUNCATION ERRORS -------------

 Nodes per correlation length (X,Y,Z)
    for H                                   12           12            3
    for G                                    4            0            1

 Correlation lengths per field (X,Y,Z)
    for H                                    5            5           21
    for G                                   16          160           64

 Sampled theoretical power spectral densities (H,G)
    at (0,0,0)                      81430.0859      62.8319
    at (N,0,0)                       4.026E-02    2.488E-03
    at (0,N,0)                       4.026E-02    9.446E+00
    at (0,0,N)                       1.009E+01    5.318E-01

 Total input variances (H,G)            1.2000       0.2500
 Integrated spectra (H,G)               1.0914       0.1337

 Spectral content (%) (H,G)            90.9461      53.4973

 Spectral content losses (%) (H,G)
    at (0,0,0)                          4.1417       0.0153
    in truncation                       4.9122      46.4873

 -----------------------------------------------------------------------
 Number of realizations generated            1
1


 ----------------------- REALIZATION NUMBER   1 ------------------------

 Output statistical properties (truncated field)
    Means                             -16.2407       0.0000
    Variances                           0.9027       0.0000
    Standard deviations                 0.9501       0.0000


 ----------------------- CUMULATIVE  STATISTICS ------------------------

 Output statistical properties (truncated field)
    Means                             -16.2407       0.0000
    Variances                           0.9027       0.0000
    Standard deviations                 0.9501       0.0000
